<!DOCTYPE html PUBLIC "-//W3C//DTD XHTML 1.1//EN" "http://www.w3.org/TR/xhtml11/DTD/xhtml11.dtd">
<html xmlns="http://www.w3.org/1999/xhtml">
<head>
<meta http-equiv="content-type" content="text/html; charset=UTF-8"/>
<title>TestNG Report</title>
<style type="text/css">table {margin-bottom:10px;border-collapse:collapse;empty-cells:show}th,td {border:1px solid #009;padding:.25em .5em}th {vertical-align:bottom}td {vertical-align:top}table a {font-weight:bold}.stripe td {background-color: #E6EBF9}.num {text-align:right}.passedodd td {background-color: #3F3}.passedeven td {background-color: #0A0}.skippedodd td {background-color: #DDD}.skippedeven td {background-color: #CCC}.failedodd td,.attn {background-color: #F33}.failedeven td,.stripe .attn {background-color: #D00}.stacktrace {white-space:pre;font-family:monospace}.totop {font-size:85%;text-align:center;border-bottom:2px solid #000}.invisible {display:none}</style>
</head>
<body>
<table>
<tr><th>Test</th><th># Passed</th><th># Skipped</th><th># Failed</th><th>Time (ms)</th><th>Included Groups</th><th>Excluded Groups</th></tr>
<tr><th colspan="7">N11 Test Suite</th></tr>
<tr><td><a href="#t0">LoginTest</a></td><td class="num">1</td><td class="num attn">2</td><td class="num attn">2</td><td class="num">43,247</td><td></td><td></td></tr>
</table>
<table id='summary'><thead><tr><th>Class</th><th>Method</th><th>Start</th><th>Time (ms)</th></tr></thead><tbody><tr><th colspan="4">N11 Test Suite</th></tr></tbody><tbody id="t0"><tr><th colspan="4">LoginTest &#8212; failed</th></tr><tr class="failedeven"><td rowspan="2">tests.LoginTests</td><td><a href="#m0">invalidLoginTest_InvalidUserNameInvalidPassword</a></td><td rowspan="1">1543335974511</td><td rowspan="1">6345</td></tr><tr class="failedeven"><td><a href="#m1">validLoginTest_ValidUserNameValidPassword</a></td><td rowspan="1">1543335992759</td><td rowspan="1">5001</td></tr><tr><th colspan="4">LoginTest &#8212; skipped</th></tr><tr class="skippedeven"><td rowspan="2">tests.LoginTests</td><td><a href="#m2">invalidLoginTest_InvalidUserNameInvalidPassword</a></td><td rowspan="1">1543335962418</td><td rowspan="1">11218</td></tr><tr class="skippedeven"><td><a href="#m3">validLoginTest_ValidUserNameValidPassword</a></td><td rowspan="1">1543335986520</td><td rowspan="1">5054</td></tr><tr><th colspan="4">LoginTest &#8212; passed</th></tr><tr class="passedeven"><td rowspan="1">tests.LoginTests</td><td><a href="#m4">invalidLoginTest_EmptyUserEmptyPassword</a></td><td rowspan="1">1543335981564</td><td rowspan="1">4952</td></tr></tbody>
</table>
<h2>LoginTest</h2><h3 id="m0">tests.LoginTests#invalidLoginTest_InvalidUserNameInvalidPassword</h3><table class="result"><tr><th>Exception</th></tr><tr><td><div class="stacktrace">org.openqa.selenium.NoSuchElementException: no such element: Unable to locate element: {&quot;method&quot;:&quot;xpath&quot;,&quot;selector&quot;:&quot;//div[@class=&apos;proton-notification-template cg-notify-message notification-danger cg-notify-message-center&apos;]&quot;}
  (Session info: chrome=70.0.3538.110)
  (Driver info: chromedriver=2.43.600210 (68dcf5eebde37173d4027fa8635e332711d2874a),platform=Windows NT 10.0.17134 x86_64) (WARNING: The server did not provide any stacktrace information)
Command duration or timeout: 0 milliseconds
For documentation on this error, please visit: http://seleniumhq.org/exceptions/no_such_element.html
Build info: version: &apos;3.11.0&apos;, revision: &apos;e59cfb3&apos;, time: &apos;2018-03-11T20:26:55.152Z&apos;
System info: host: &apos;DESKTOP-FF5U5J9&apos;, ip: &apos;192.168.0.106&apos;, os.name: &apos;Windows 10&apos;, os.arch: &apos;amd64&apos;, os.version: &apos;10.0&apos;, java.version: &apos;1.8.0_144&apos;
Driver info: org.openqa.selenium.chrome.ChromeDriver
Capabilities {acceptInsecureCerts: false, acceptSslCerts: false, applicationCacheEnabled: false, browserConnectionEnabled: false, browserName: chrome, chrome: {chromedriverVersion: 2.43.600210 (68dcf5eebde371..., userDataDir: C:\Users\User\AppData\Local...}, cssSelectorsEnabled: true, databaseEnabled: false, goog:chromeOptions: {debuggerAddress: localhost:55135}, handlesAlerts: true, hasTouchScreen: false, javascriptEnabled: true, locationContextEnabled: true, mobileEmulationEnabled: false, nativeEvents: true, networkConnectionEnabled: false, pageLoadStrategy: normal, platform: XP, platformName: XP, rotatable: false, setWindowRect: true, takesHeapSnapshot: true, takesScreenshot: true, unexpectedAlertBehaviour: , unhandledPromptBehavior: , version: 70.0.3538.110, webStorageEnabled: true}
Session ID: 190b52f58db740fc1bc81efc3c674c68
*** Element info: {Using=xpath, value=//div[@class=&apos;proton-notification-template cg-notify-message notification-danger cg-notify-message-center&apos;]}
	at org.openqa.selenium.remote.ErrorHandler.createThrowable(ErrorHandler.java:214)
	at org.openqa.selenium.remote.ErrorHandler.throwIfResponseFailed(ErrorHandler.java:166)
	at org.openqa.selenium.remote.http.JsonHttpResponseCodec.reconstructValue(JsonHttpResponseCodec.java:40)
	at org.openqa.selenium.remote.http.AbstractHttpResponseCodec.decode(AbstractHttpResponseCodec.java:80)
	at org.openqa.selenium.remote.http.AbstractHttpResponseCodec.decode(AbstractHttpResponseCodec.java:44)
	at org.openqa.selenium.remote.HttpCommandExecutor.execute(HttpCommandExecutor.java:158)
	at org.openqa.selenium.remote.service.DriverCommandExecutor.execute(DriverCommandExecutor.java:83)
	at org.openqa.selenium.remote.RemoteWebDriver.execute(RemoteWebDriver.java:545)
	at org.openqa.selenium.remote.RemoteWebDriver.findElement(RemoteWebDriver.java:319)
	at org.openqa.selenium.remote.RemoteWebDriver.findElementByXPath(RemoteWebDriver.java:421)
	at org.openqa.selenium.By$ByXPath.findElement(By.java:361)
	at org.openqa.selenium.remote.RemoteWebDriver.findElement(RemoteWebDriver.java:311)
	at pages.BasePage.readText(BasePage.java:29)
	at pages.LoginPage.verifyLoginPassword(LoginPage.java:40)
	at tests.LoginTests.invalidLoginTest_InvalidUserNameInvalidPassword(LoginTests.java:36)
... Removed 29 stack frames</div></td></tr></table><p class="totop"><a href="#summary">back to summary</a></p>
<h3 id="m1">tests.LoginTests#validLoginTest_ValidUserNameValidPassword</h3><table class="result"><tr><th>Exception</th></tr><tr><td><div class="stacktrace">java.lang.AssertionError: expected [https://mail.protonmail.com/inbox] but found [https://mail.protonmail.com/login]
	at pages.LoginPage.verifyURLPage(LoginPage.java:44)
	at tests.LoginTests.validLoginTest_ValidUserNameValidPassword(LoginTests.java:73)
... Removed 31 stack frames</div></td></tr></table><p class="totop"><a href="#summary">back to summary</a></p>
<h3 id="m2">tests.LoginTests#invalidLoginTest_InvalidUserNameInvalidPassword</h3><table class="result"><tr><th>Exception</th></tr><tr><td><div class="stacktrace">java.lang.AssertionError: expected [Incorrect login credentials. Please try again] but found []
	at pages.LoginPage.verifyLoginPassword(LoginPage.java:40)
	at tests.LoginTests.invalidLoginTest_InvalidUserNameInvalidPassword(LoginTests.java:36)
... Removed 31 stack frames</div></td></tr></table><p class="totop"><a href="#summary">back to summary</a></p>
<h3 id="m3">tests.LoginTests#validLoginTest_ValidUserNameValidPassword</h3><table class="result"><tr><th>Exception</th></tr><tr><td><div class="stacktrace">java.lang.AssertionError: expected [https://mail.protonmail.com/inbox] but found [https://mail.protonmail.com/login]
	at pages.LoginPage.verifyURLPage(LoginPage.java:44)
	at tests.LoginTests.validLoginTest_ValidUserNameValidPassword(LoginTests.java:73)
... Removed 31 stack frames</div></td></tr></table><p class="totop"><a href="#summary">back to summary</a></p>
<h3 id="m4">tests.LoginTests#invalidLoginTest_EmptyUserEmptyPassword</h3><table class="result"><tr><th class="invisible"/></tr></table><p class="totop"><a href="#summary">back to summary</a></p>
</body>
</html>
